<?xml version="1.0" encoding="UTF-8"?>
<!-- Generated by org.testng.reporters.JUnitReportReporter -->
<testsuite skipped="0" hostname="ASDW0135" name="com.pratise.gmailAPI.tests.TestMailUtil" tests="1" failures="0" timestamp="19 Sep 2018 12:19:39 GMT" time="4.675" errors="0">
  <testcase name="testReportUtil" time="4.675" classname="com.pratise.gmailAPI.tests.TestMailUtil"/>
</testsuite> <!-- com.pratise.gmailAPI.tests.TestMailUtil -->
